Array
(
    [Asunto] => Alerta de Prueba
    [Cliente] => infomedia
)

Array
(
    [Asunto] => Alerta_Prueba
    [Cliente] => Infomedia
)

Array
(
    [Zabbix] =>    Active: active (running) since jue 2017-11-16 09:49:19 -05; 1 months 2 days ago
    [Cliente] => infomedia
)

Array
(
    [Asunto] => Alerta_Prueba
    [Cliente] => infomedia
)

Array
(
    [Zabbix] =>    Active: active (running) since jue 2017-11-16 09:49:19 -05; 1 months 2 days ago
    [Cliente] => infomedia
)

Array
(
    [Zabbix] =>    Active: active (running) since jue 2017-11-16 09:49:19 -05; 1 months 2 days ago
    [Cliente] => infomedia
)

Array
(
    [Zabbix] =>    Active: active (running) since jue 2017-11-16 09:49:19 -05; 1 months 2 days ago
    [Cliente] => infomedia
)

Array
(
    [Asunto] => Alerta_Prueba
    [Cliente] => infomedia
)

Array
(
    [Zabbix] =>    Active: active (running) since jue 2017-11-16 09:49:19 -05; 1 months 2 days ago
    [Cliente] => infomedia
)

Array
(
    [Asunto] => Alerta_Prueba
    [Cliente] => infomedia
)

Array
(
    [Asunto] => Alerta_Prueba
    [Cliente] => infomedia
)

Array
(
    [Zabbix] =>    Active: active (running) since jue 2017-11-16 09:49:19 -05; 1 months 2 days ago
    [Cliente] => infomedia
)

Array
(
    [Asunto] => Alerta_Prueba
    [Cliente] => infomedia
)

Array
(
    [Asunto] => Alerta_Prueba
    [Cliente] => infomedia
)

Array
(
    [Zabbix] =>    Active: active (running) since jue 2017-11-16 09:49:19 -05; 1 months 2 days ago
    [Cliente] => infomedia
)

Array
(
    [Asunto] => Alerta_Prueba
    [Cliente] => infomedia
)

Array
(
    [Zabbix] =>    Active: active (running) since jue 2017-11-16 09:49:19 -05; 1 months 2 days ago
    [Cliente] => infomedia
)

Array
(
    [Asunto] => Alerta_Prueba
    [Cliente] => infomedia
)

Array
(
    [Asunto] => Alerta_Prueba
    [Cliente] => infomedia
)

Array
(
    [Zabbix] =>    Active: active (running) since jue 2017-11-16 09:49:19 -05; 1 months 2 days ago
    [Cliente] => infomedia
)

Array
(
    [Asunto] => Alerta_Prueba
    [Cliente] => infomedia
)

Array
(
    [Zabbix] =>    Active: active (running) since jue 2017-11-16 09:49:19 -05; 1 months 2 days ago
    [Cliente] => infomedia
)

Array
(
    [Zabbix] =>    Active: active (running) since jue 2017-11-16 09:49:19 -05; 1 months 2 days ago
    [Cliente] => infomedia
)

Array
(
    [Zabbix] =>    Active: active (running) since jue 2017-11-16 09:49:19 -05; 1 months 2 days ago
    [Cliente] => infomedia
)

Array
(
    [Asunto] => Alerta_Prueba
    [Cliente] => infomedia
)

Array
(
    [Zabbix] =>    Active: active (running) since jue 2017-11-16 09:49:19 -05; 1 months 2 days ago
    [Cliente] => infomedia
)

Array
(
    [Zabbix] =>    Active: active (running) since jue 2017-11-16 09:49:19 -05; 1 months 2 days ago
    [Cliente] => infomedia
)

Array
(
    [Zabbix] =>    Active: active (running) since jue 2017-11-16 09:49:19 -05; 1 months 2 days ago
    [Cliente] => infomedia
)

Array
(
    [Zabbix] =>    Active: active (running) since jue 2017-11-16 09:49:19 -05; 1 months 2 days ago
    [Cliente] => infomedia
)

Array
(
    [Zabbix] =>    Active: active (running) since jue 2017-11-16 09:49:19 -05; 1 months 2 days ago
    [Cliente] => infomedia
)

Array
(
    [Zabbix] =>    Active: active (running) since jue 2017-11-16 09:49:19 -05; 1 months 2 days ago
    [Cliente] => infomedia
)

Array
(
    [Zabbix] =>    Active: active (running) since jue 2017-11-16 09:49:19 -05; 1 months 2 days ago
    [Cliente] => infomedia
)

Array
(
    [Zabbix] =>    Active: active (running) since jue 2017-11-16 09:49:19 -05; 1 months 2 days ago
    [Cliente] => infomedia
)

Array
(
    [Zabbix] =>    Active: active (running) since jue 2017-11-16 09:49:19 -05; 1 months 2 days ago
    [Cliente] => infomedia
)

Array
(
    [Zabbix] =>    Active: active (running) since jue 2017-11-16 09:49:19 -05; 1 months 2 days ago
    [Cliente] => infomedia
)

Array
(
    [Zabbix] =>    Active: active (running) since jue 2017-11-16 09:49:19 -05; 1 months 2 days ago
    [Cliente] => infomedia
)

Array
(
    [Zabbix] =>    Active: active (running) since jue 2017-11-16 09:49:19 -05; 1 months 2 days ago
    [Cliente] => infomedia
)

Array
(
    [Zabbix] =>    Active: active (running) since jue 2017-11-16 09:49:19 -05; 1 months 2 days ago
    [Cliente] => infomedia
)

Array
(
    [Zabbix] =>    Active: active (running) since jue 2017-11-16 09:49:19 -05; 1 months 2 days ago
    [Cliente] => infomedia
)

Array
(
    [Zabbix] =>    Active: active (running) since jue 2017-11-16 09:49:19 -05; 1 months 2 days ago
    [Cliente] => infomedia
)

Array
(
    [Zabbix] =>    Active: active (running) since jue 2017-11-16 09:49:19 -05; 1 months 2 days ago
    [Cliente] => infomedia
)

Array
(
    [Zabbix] =>    Active: active (running) since jue 2017-11-16 09:49:19 -05; 1 months 2 days ago
    [Cliente] => infomedia
)

Array
(
    [Zabbix] =>    Active: active (running) since jue 2017-11-16 09:49:19 -05; 1 months 2 days ago
    [Cliente] => infomedia
)

Array
(
    [Zabbix] =>    Active: active (running) since jue 2017-11-16 09:49:19 -05; 1 months 2 days ago
    [Cliente] => infomedia
)

Array
(
    [Zabbix] =>    Active: active (running) since jue 2017-11-16 09:49:19 -05; 1 months 2 days ago
    [Cliente] => infomedia
)

Array
(
    [Zabbix] =>    Active: active (running) since jue 2017-11-16 09:49:19 -05; 1 months 2 days ago
    [Cliente] => infomedia
)

Array
(
    [Zabbix] =>    Active: active (running) since jue 2017-11-16 09:49:19 -05; 1 months 2 days ago
    [Cliente] => infomedia
)

Array
(
    [Zabbix] =>    Active: active (running) since jue 2017-11-16 09:49:19 -05; 1 months 2 days ago
    [Cliente] => infomedia
)

Array
(
    [Zabbix] =>    Active: active (running) since jue 2017-11-16 09:49:19 -05; 1 months 2 days ago
    [Cliente] => infomedia
)

Array
(
    [Zabbix] =>    Active: active (running) since jue 2017-11-16 09:49:19 -05; 1 months 2 days ago
    [Cliente] => infomedia
)

Array
(
    [Zabbix] =>    Active: active (running) since jue 2017-11-16 09:49:19 -05; 1 months 2 days ago
    [Cliente] => infomedia
)

Array
(
    [Zabbix] =>    Active: active (running) since jue 2017-11-16 09:49:19 -05; 1 months 2 days ago
    [Cliente] => infomedia
)

Array
(
    [Zabbix] =>    Active: active (running) since jue 2017-11-16 09:49:19 -05; 1 months 2 days ago
    [Cliente] => infomedia
)

Array
(
    [Zabbix] =>    Active: active (running) since jue 2017-11-16 09:49:19 -05; 1 months 2 days ago
    [Cliente] => infomedia
)

Array
(
    [Zabbix] =>    Active: active (running) since jue 2017-11-16 09:49:19 -05; 1 months 2 days ago
    [Cliente] => infomedia
)

